<?xml version="1.0" encoding="UTF-8"?>
<!-- Generated by org.testng.reporters.JUnitReportReporter -->
<testsuite hostname="localhost" name="com.wd.web.tests.AddCommodityPicFrequencyLimitation" tests="1" failures="0" timestamp="4 Nov 2016 09:40:20 GMT" time="31.097" errors="0">
  <testcase name="AddCommodityPicOverLimitation" time="31.097" classname="com.wd.web.tests.AddCommodityPicFrequencyLimitation"/>
</testsuite> <!-- com.wd.web.tests.AddCommodityPicFrequencyLimitation -->
